<?xml version="1.0" encoding="UTF-8"?>
<!-- Generated by org.testng.reporters.JUnitReportReporter -->
<testsuite hostname="VIJAYAM" failures="0" tests="1" name="testCases.tbd" time="7.795" errors="0" timestamp="2022-06-26T18:05:17 EDT" skipped="0">
  <testcase classname="testCases.tbd" name="test" time="7.795"/>
  <system-out/>
</testsuite> <!-- testCases.tbd -->
