<?xml version="1.0" encoding="UTF-8"?>
<!-- Generated by org.testng.reporters.JUnitReportReporter -->
<testsuite hostname="VIJAYAM" failures="0" tests="1" name="testCases.TC_001_AccountRegistration" time="10.876" errors="0" timestamp="2022-06-30T23:11:43 EDT" skipped="0">
  <testcase classname="testCases.TC_001_AccountRegistration" name="test_account_registration" time="10.876"/>
  <system-out/>
</testsuite> <!-- testCases.TC_001_AccountRegistration -->
